2020-12-01T00:49:30.487Z [33m[jffe ][39m [34m[INFO ][39m [                ] [                              ] [main                ] - frontend (jffe) service initialization started. Version: 1.10.9 Revision: 10000009 PID: 4027 Home: /opt/jfrog/artifactory
2020-12-01T00:49:30.489Z [33m[jffe ][39m [34m[INFO ][39m [                ] [                              ] [main                ] - attempting pinging artifactory for 180 retires and 1.0s interval for total of 3 minutes
2020-12-01T00:49:39.598Z [33m[jffe ][39m [34m[INFO ][39m [                ] [                              ] [main                ] - pinging artifactory, attempt number 10
2020-12-01T00:49:39.617Z [33m[jffe ][39m [34m[INFO ][39m [                ] [                              ] [main                ] - pinging artifactory attempt number 10 failed with code : ECONNREFUSED
2020-12-01T00:49:49.721Z [33m[jffe ][39m [34m[INFO ][39m [                ] [                              ] [main                ] - pinging artifactory, attempt number 20
2020-12-01T00:49:49.726Z [33m[jffe ][39m [34m[INFO ][39m [                ] [                              ] [main                ] - pinging artifactory attempt number 20 failed with code : ECONNREFUSED
2020-12-01T00:49:59.782Z [33m[jffe ][39m [34m[INFO ][39m [                ] [                              ] [main                ] - pinging artifactory, attempt number 30
2020-12-01T00:49:59.806Z [33m[jffe ][39m [34m[INFO ][39m [                ] [                              ] [main                ] - pinging artifactory attempt number 30 failed with code : ECONNREFUSED
2020-12-01T00:50:09.903Z [33m[jffe ][39m [34m[INFO ][39m [                ] [                              ] [main                ] - pinging artifactory, attempt number 40
2020-12-01T00:50:09.908Z [33m[jffe ][39m [34m[INFO ][39m [                ] [                              ] [main                ] - pinging artifactory attempt number 40 failed with code : ECONNREFUSED
2020-12-01T00:50:19.962Z [33m[jffe ][39m [34m[INFO ][39m [                ] [                              ] [main                ] - pinging artifactory, attempt number 50
2020-12-01T00:50:19.965Z [33m[jffe ][39m [34m[INFO ][39m [                ] [                              ] [main                ] - pinging artifactory attempt number 50 failed with code : undefined
2020-12-01T00:50:30.044Z [33m[jffe ][39m [34m[INFO ][39m [                ] [                              ] [main                ] - pinging artifactory, attempt number 60
2020-12-01T00:50:30.053Z [33m[jffe ][39m [34m[INFO ][39m [                ] [                              ] [main                ] - pinging artifactory attempt number 60 failed with code : undefined
2020-12-01T00:50:36.202Z [33m[jffe ][39m [34m[INFO ][39m [                ] [                              ] [main                ] - artifactory was pinged successfully
2020-12-01T00:50:36.203Z [33m[jffe ][39m [34m[INFO ][39m [                ] [                              ] [main                ] - setting service id - jffe@000
2020-12-01T00:50:36.266Z [33m[jffe ][39m [34m[INFO ][39m [                ] [                              ] [main                ] - Cluster join: Successfully joined the cluster
2020-12-01T00:50:36.300Z [33m[jffe ][39m [34m[INFO ][39m [                ] [                              ] [main                ] - UI service successfully registered on router, serviceId: jffe@000
2020-12-01T00:50:36.760Z [33m[jffe ][39m [34m[INFO ][39m [                ] [                              ] [main                ] - Recurring tasks started
2020-12-01T00:50:37.140Z [33m[jffe ][39m [34m[INFO ][39m [                ] [                              ] [main                ] - frontend (jffe) service initialization completed in 66.68 seconds. Listening on port: port 8070
