2020-11-14T17:51:59.474Z [jfrou] [INFO ] [5894352f60114b18] [bootstrap.go:71               ] [main                ] - Router (jfrou) service initialization started. Version: 1.4.2 Revision: 04f9b835bcb908f9bb8d4743e64903e077f5b1ad PID: 3999 Home: /opt/jfrog/artifactory
2020-11-14T17:51:59.474Z [jfrou] [INFO ] [5894352f60114b18] [bootstrap.go:74               ] [main                ] - JFrog Router IP: 172.17.0.2
2020-11-14T17:52:04.488Z [jfrou] [INFO ] [5894352f60114b18] [security_keys.go:114          ] [main                ] - Master key is missing. Pending for 5 seconds with 2m0s timeout
2020-11-14T17:52:09.490Z [jfrou] [INFO ] [5894352f60114b18] [security_keys.go:114          ] [main                ] - Master key is missing. Pending for 10 seconds with 2m0s timeout
2020-11-14T17:52:14.498Z [jfrou] [INFO ] [5894352f60114b18] [bootstrap.go:175              ] [main                ] - System configuration encryption report:
shared.newrelic.licenseKey: does not exist in the config file
shared.security.joinKeyFile: file '/opt/jfrog/artifactory/var/etc/security/join.key' - already encrypted
2020-11-14T17:52:14.500Z [jfrou] [INFO ] [5894352f60114b18] [bootstrap.go:79               ] [main                ] - JFrog Router Service ID: jfrou@01eq3y5pn2jzt47gncgnqyypwv
2020-11-14T17:52:14.500Z [jfrou] [INFO ] [5894352f60114b18] [bootstrap.go:80               ] [main                ] - JFrog Router Node ID: 5e2861d989a3
2020-11-14T17:52:14.543Z [jfrou] [INFO ] [5894352f60114b18] [http_client_holder.go:155     ] [main                ] - System cert pool contents were loaded as trusted CAs for TLS communication
2020-11-14T17:52:15.481Z [jfrou] [INFO ] [5894352f60114b18] [config_holder.go:107          ] [main                ] - Configuration update detected
2020-11-14T17:52:20.441Z [jfrou] [INFO ] [5894352f60114b18] [join_executor.go:188          ] [main                ] - Cluster join: Successfully joined the cluster
2020-11-14T17:52:20.441Z [jfrou] [INFO ] [5894352f60114b18] [http_client_holder.go:155     ] [main                ] - System cert pool contents were loaded as trusted CAs for TLS communication
2020-11-14T17:52:20.441Z [jfrou] [INFO ] [5894352f60114b18] [http_client_holder.go:175     ] [main                ] - Following certificates were successfully loaded as trusted CAs for TLS communication:
[/opt/jfrog/artifactory/var/data/router/keys/trusted/access-root-ca.crt]
2020-11-14T17:52:20.453Z [jfrou] [INFO ] [5894352f60114b18] [main.go:47                    ] [main                ] - Router (jfrou) service initialization completed in 20.982 seconds. Listening on port: 8082
2020-11-14T17:52:55.525Z [jfrou] [INFO ] [1e5ddcb826a8df43] [local_topology.go:213         ] [main                ] - 
###############################################################
###   All services started successfully in 56.054 seconds   ###
###############################################################
2020-11-15T17:58:03.740Z [jfrou] [ERROR] [3fd8d73e80d70df2] [external_topology.go:82       ] [main                ] - Failed fetching external topology from Access: Get "http://localhost:8040/access/api/v1/topology": dial tcp 127.0.0.1:8040: connect: connection refused
2020-11-15T17:58:06.739Z [jfrou] [ERROR] [77b8da3e442782a5] [external_topology.go:82       ] [main                ] - Failed fetching external topology from Access: Get "http://localhost:8040/access/api/v1/topology": dial tcp 127.0.0.1:8040: connect: connection refused
2020-11-15T18:01:04.454Z [jfrou] [INFO ] [6393e3d641d4f320] [bootstrap.go:71               ] [main                ] - Router (jfrou) service initialization started. Version: 1.4.2 Revision: 04f9b835bcb908f9bb8d4743e64903e077f5b1ad PID: 3649 Home: /opt/jfrog/artifactory
2020-11-15T18:01:04.463Z [jfrou] [INFO ] [6393e3d641d4f320] [bootstrap.go:74               ] [main                ] - JFrog Router IP: 172.17.0.2
2020-11-15T18:01:04.480Z [jfrou] [INFO ] [6393e3d641d4f320] [bootstrap.go:175              ] [main                ] - System configuration encryption report:
shared.newrelic.licenseKey: does not exist in the config file
shared.security.joinKeyFile: file '/opt/jfrog/artifactory/var/etc/security/join.key' - already encrypted
2020-11-15T18:01:04.483Z [jfrou] [INFO ] [6393e3d641d4f320] [bootstrap.go:79               ] [main                ] - JFrog Router Service ID: jfrou@01eq3y5pn2jzt47gncgnqyypwv
2020-11-15T18:01:04.485Z [jfrou] [INFO ] [6393e3d641d4f320] [bootstrap.go:80               ] [main                ] - JFrog Router Node ID: a3f6fbf1f1d3
2020-11-15T18:01:04.657Z [jfrou] [INFO ] [6393e3d641d4f320] [http_client_holder.go:155     ] [main                ] - System cert pool contents were loaded as trusted CAs for TLS communication
2020-11-15T18:01:04.705Z [jfrou] [INFO ] [6393e3d641d4f320] [http_client_holder.go:175     ] [main                ] - Following certificates were successfully loaded as trusted CAs for TLS communication:
[/opt/jfrog/artifactory/var/data/router/keys/trusted/access-root-ca.crt]
2020-11-15T18:01:06.529Z [jfrou] [INFO ] [6393e3d641d4f320] [config_holder.go:107          ] [main                ] - Configuration update detected
2020-11-15T18:01:24.223Z [jfrou] [INFO ] [6393e3d641d4f320] [join_executor.go:154          ] [main                ] - Cluster join: Retry 5: Service registry ping failed, will retry. Error: Get "http://localhost:8040/access/api/v1/system/ping": net/http: request canceled (Client.Timeout exceeded while awaiting headers)
2020-11-15T18:01:46.185Z [jfrou] [INFO ] [6393e3d641d4f320] [join_executor.go:188          ] [main                ] - Cluster join: Successfully joined the cluster
2020-11-15T18:01:46.187Z [jfrou] [INFO ] [6393e3d641d4f320] [http_client_holder.go:155     ] [main                ] - System cert pool contents were loaded as trusted CAs for TLS communication
2020-11-15T18:01:46.188Z [jfrou] [INFO ] [6393e3d641d4f320] [http_client_holder.go:175     ] [main                ] - Following certificates were successfully loaded as trusted CAs for TLS communication:
[/opt/jfrog/artifactory/var/data/router/keys/trusted/access-root-ca.crt]
2020-11-15T18:01:46.227Z [jfrou] [INFO ] [6393e3d641d4f320] [main.go:47                    ] [main                ] - Router (jfrou) service initialization completed in 41.796 seconds. Listening on port: 8082
2020-11-15T18:02:06.360Z [jfrou] [INFO ] [75fa28be9325b9d6] [local_topology.go:213         ] [main                ] - 
###############################################################
###   All services started successfully in 61.930 seconds   ###
###############################################################
2020-11-15T18:29:53.873Z [jfrou] [ERROR] [470026acb95ead1c] [external_topology.go:82       ] [main                ] - Failed fetching external topology from Access: Get "http://localhost:8040/access/api/v1/topology": read tcp 127.0.0.1:42924->127.0.0.1:8040: read: connection reset by peer
2020-11-15T18:29:56.801Z [jfrou] [ERROR] [7725ef9ab4b363d6] [external_topology.go:82       ] [main                ] - Failed fetching external topology from Access: Get "http://localhost:8040/access/api/v1/topology": dial tcp 127.0.0.1:8040: connect: connection refused
2020-11-15T20:06:51.279Z [jfrou] [INFO ] [5d60e55afc6af9e3] [bootstrap.go:71               ] [main                ] - Router (jfrou) service initialization started. Version: 1.4.2 Revision: 04f9b835bcb908f9bb8d4743e64903e077f5b1ad PID: 3653 Home: /opt/jfrog/artifactory
2020-11-15T20:06:51.283Z [jfrou] [INFO ] [5d60e55afc6af9e3] [bootstrap.go:74               ] [main                ] - JFrog Router IP: 172.17.0.3
2020-11-15T20:06:51.287Z [jfrou] [INFO ] [5d60e55afc6af9e3] [bootstrap.go:175              ] [main                ] - System configuration encryption report:
shared.newrelic.licenseKey: does not exist in the config file
shared.security.joinKeyFile: file '/opt/jfrog/artifactory/var/etc/security/join.key' - encrypted successfully
2020-11-15T20:06:51.290Z [jfrou] [INFO ] [5d60e55afc6af9e3] [bootstrap.go:79               ] [main                ] - JFrog Router Service ID: jfrou@01eq3y5pn2jzt47gncgnqyypwv
2020-11-15T20:06:51.291Z [jfrou] [INFO ] [5d60e55afc6af9e3] [bootstrap.go:80               ] [main                ] - JFrog Router Node ID: 1be3f57b75a4
2020-11-15T20:06:51.358Z [jfrou] [INFO ] [5d60e55afc6af9e3] [http_client_holder.go:155     ] [main                ] - System cert pool contents were loaded as trusted CAs for TLS communication
2020-11-15T20:06:51.360Z [jfrou] [INFO ] [5d60e55afc6af9e3] [http_client_holder.go:175     ] [main                ] - Following certificates were successfully loaded as trusted CAs for TLS communication:
[/opt/jfrog/artifactory/var/data/router/keys/trusted/access-root-ca.crt]
2020-11-15T20:06:53.343Z [jfrou] [INFO ] [5d60e55afc6af9e3] [config_holder.go:107          ] [main                ] - Configuration update detected
2020-11-15T20:07:19.894Z [jfrou] [INFO ] [5d60e55afc6af9e3] [join_executor.go:188          ] [main                ] - Cluster join: Successfully joined the cluster
2020-11-15T20:07:19.902Z [jfrou] [INFO ] [5d60e55afc6af9e3] [http_client_holder.go:155     ] [main                ] - System cert pool contents were loaded as trusted CAs for TLS communication
2020-11-15T20:07:19.909Z [jfrou] [INFO ] [5d60e55afc6af9e3] [http_client_holder.go:175     ] [main                ] - Following certificates were successfully loaded as trusted CAs for TLS communication:
[/opt/jfrog/artifactory/var/data/router/keys/trusted/access-root-ca.crt]
2020-11-15T20:07:20.020Z [jfrou] [INFO ] [5d60e55afc6af9e3] [main.go:47                    ] [main                ] - Router (jfrou) service initialization completed in 28.753 seconds. Listening on port: 8082
2020-11-15T20:07:50.070Z [jfrou] [INFO ] [27f878e7121eb10 ] [local_topology.go:213         ] [main                ] - 
###############################################################
###   All services started successfully in 58.803 seconds   ###
###############################################################
2020-11-16T00:46:23.000Z [jfrou] [ERROR] [3ba5be7cd598e297] [external_topology.go:82       ] [main                ] - Failed fetching external topology from Access: Get "http://localhost:8040/access/api/v1/topology": dial tcp 127.0.0.1:8040: connect: connection refused
2020-11-16T00:46:26.002Z [jfrou] [ERROR] [7611340284eceda6] [external_topology.go:82       ] [main                ] - Failed fetching external topology from Access: Get "http://localhost:8040/access/api/v1/topology": dial tcp 127.0.0.1:8040: connect: connection refused
2020-11-18T01:21:52.885Z [jfrou] [INFO ] [30946bc16eee0947] [bootstrap.go:71               ] [main                ] - Router (jfrou) service initialization started. Version: 1.4.2 Revision: 04f9b835bcb908f9bb8d4743e64903e077f5b1ad PID: 3623 Home: /opt/jfrog/artifactory
2020-11-18T01:21:52.887Z [jfrou] [INFO ] [30946bc16eee0947] [bootstrap.go:74               ] [main                ] - JFrog Router IP: 172.17.0.2
2020-11-18T01:21:52.890Z [jfrou] [INFO ] [30946bc16eee0947] [bootstrap.go:175              ] [main                ] - System configuration encryption report:
shared.newrelic.licenseKey: does not exist in the config file
shared.security.joinKeyFile: file '/opt/jfrog/artifactory/var/etc/security/join.key' - encrypted successfully
2020-11-18T01:21:52.892Z [jfrou] [INFO ] [30946bc16eee0947] [bootstrap.go:79               ] [main                ] - JFrog Router Service ID: jfrou@01eq3y5pn2jzt47gncgnqyypwv
2020-11-18T01:21:52.893Z [jfrou] [INFO ] [30946bc16eee0947] [bootstrap.go:80               ] [main                ] - JFrog Router Node ID: 3940d201110f
2020-11-18T01:21:52.929Z [jfrou] [INFO ] [30946bc16eee0947] [http_client_holder.go:155     ] [main                ] - System cert pool contents were loaded as trusted CAs for TLS communication
2020-11-18T01:21:52.931Z [jfrou] [INFO ] [30946bc16eee0947] [http_client_holder.go:175     ] [main                ] - Following certificates were successfully loaded as trusted CAs for TLS communication:
[/opt/jfrog/artifactory/var/data/router/keys/trusted/access-root-ca.crt]
2020-11-18T01:21:54.894Z [jfrou] [INFO ] [30946bc16eee0947] [config_holder.go:107          ] [main                ] - Configuration update detected
2020-11-18T01:22:20.556Z [jfrou] [INFO ] [30946bc16eee0947] [join_executor.go:188          ] [main                ] - Cluster join: Successfully joined the cluster
2020-11-18T01:22:20.560Z [jfrou] [INFO ] [30946bc16eee0947] [http_client_holder.go:155     ] [main                ] - System cert pool contents were loaded as trusted CAs for TLS communication
2020-11-18T01:22:20.567Z [jfrou] [INFO ] [30946bc16eee0947] [http_client_holder.go:175     ] [main                ] - Following certificates were successfully loaded as trusted CAs for TLS communication:
[/opt/jfrog/artifactory/var/data/router/keys/trusted/access-root-ca.crt]
2020-11-18T01:22:20.721Z [jfrou] [INFO ] [30946bc16eee0947] [main.go:47                    ] [main                ] - Router (jfrou) service initialization completed in 27.844 seconds. Listening on port: 8082
2020-11-18T01:22:45.828Z [jfrou] [INFO ] [12671b47ccb8fe7c] [local_topology.go:213         ] [main                ] - 
###############################################################
###   All services started successfully in 52.890 seconds   ###
###############################################################
2020-11-18T01:43:35.410Z [jfrou] [ERROR] [6dcfedf4a0c8e9d0] [external_topology.go:82       ] [main                ] - Failed fetching external topology from Access: failed reading from response body: context deadline exceeded (Client.Timeout or context cancellation while reading body)
2020-11-18T01:44:01.797Z [jfrou] [ERROR] [7374f28a7400e884] [external_topology.go:82       ] [main                ] - Failed fetching external topology from Access: Get "http://localhost:8040/access/api/v1/topology": context deadline exceeded (Client.Timeout exceeded while awaiting headers)
2020-11-18T02:07:00.280Z [jfrou] [ERROR] [6a87c9f025cad021] [external_topology.go:82       ] [main                ] - Failed fetching external topology from Access: Get "http://localhost:8040/access/api/v1/topology": context deadline exceeded
2020-11-18T02:12:42.850Z [jfrou] [ERROR] [266e08c98d9cd248] [external_topology.go:82       ] [main                ] - Failed fetching external topology from Access: Get "http://localhost:8040/access/api/v1/topology": context deadline exceeded (Client.Timeout exceeded while awaiting headers)
2020-11-19T23:35:29.541Z [jfrou] [ERROR] [43fbde6e08ab84e7] [external_topology.go:82       ] [main                ] - Failed fetching external topology from Access: Get "http://localhost:8040/access/api/v1/topology": net/http: request canceled while waiting for connection (Client.Timeout exceeded while awaiting headers)
2020-11-19T23:36:25.255Z [jfrou] [ERROR] [5aec0d59aebd3158] [external_topology.go:82       ] [main                ] - Failed fetching external topology from Access: Get "http://localhost:8040/access/api/v1/topology": net/http: request canceled while waiting for connection (Client.Timeout exceeded while awaiting headers)
2020-11-19T23:41:06.841Z [jfrou] [ERROR] [96c15a571470abb ] [external_topology.go:82       ] [main                ] - Failed fetching external topology from Access: Get "http://localhost:8040/access/api/v1/topology": context deadline exceeded (Client.Timeout exceeded while awaiting headers)
2020-11-20T00:02:17.476Z [jfrou] [ERROR] [32bbc0204ad7036c] [external_topology.go:82       ] [main                ] - Failed fetching external topology from Access: failed reading from response body: context deadline exceeded (Client.Timeout or context cancellation while reading body)
2020-11-20T00:10:24.744Z [jfrou] [ERROR] [74220808bebee575] [external_topology.go:82       ] [main                ] - Failed fetching external topology from Access: Get "http://localhost:8040/access/api/v1/topology": net/http: request canceled (Client.Timeout exceeded while awaiting headers)
2020-11-20T00:12:13.435Z [jfrou] [ERROR] [21f9407bd85ac4ff] [external_topology.go:82       ] [main                ] - Failed fetching external topology from Access: Get "http://localhost:8040/access/api/v1/topology": read tcp 127.0.0.1:58718->127.0.0.1:8040: read: connection reset by peer
2020-11-20T00:12:16.238Z [jfrou] [ERROR] [150a83f3001b1bea] [external_topology.go:82       ] [main                ] - Failed fetching external topology from Access: Get "http://localhost:8040/access/api/v1/topology": dial tcp 127.0.0.1:8040: connect: connection refused
2020-11-20T00:17:09.591Z [jfrou] [INFO ] [3c1079cf5c6a41ee] [bootstrap.go:71               ] [main                ] - Router (jfrou) service initialization started. Version: 1.4.2 Revision: 04f9b835bcb908f9bb8d4743e64903e077f5b1ad PID: 3598 Home: /opt/jfrog/artifactory
2020-11-20T00:17:09.591Z [jfrou] [INFO ] [3c1079cf5c6a41ee] [bootstrap.go:74               ] [main                ] - JFrog Router IP: 172.17.0.2
2020-11-20T00:17:09.592Z [jfrou] [INFO ] [3c1079cf5c6a41ee] [bootstrap.go:175              ] [main                ] - System configuration encryption report:
shared.newrelic.licenseKey: does not exist in the config file
shared.security.joinKeyFile: file '/opt/jfrog/artifactory/var/etc/security/join.key' - encrypted successfully
2020-11-20T00:17:09.594Z [jfrou] [INFO ] [3c1079cf5c6a41ee] [bootstrap.go:79               ] [main                ] - JFrog Router Service ID: jfrou@01eq3y5pn2jzt47gncgnqyypwv
2020-11-20T00:17:09.594Z [jfrou] [INFO ] [3c1079cf5c6a41ee] [bootstrap.go:80               ] [main                ] - JFrog Router Node ID: 88c621a0c1d7
2020-11-20T00:17:09.673Z [jfrou] [INFO ] [3c1079cf5c6a41ee] [http_client_holder.go:155     ] [main                ] - System cert pool contents were loaded as trusted CAs for TLS communication
2020-11-20T00:17:09.674Z [jfrou] [INFO ] [3c1079cf5c6a41ee] [http_client_holder.go:175     ] [main                ] - Following certificates were successfully loaded as trusted CAs for TLS communication:
[/opt/jfrog/artifactory/var/data/router/keys/trusted/access-root-ca.crt]
2020-11-20T00:17:11.589Z [jfrou] [INFO ] [3c1079cf5c6a41ee] [config_holder.go:107          ] [main                ] - Configuration update detected
2020-11-20T00:17:33.552Z [jfrou] [INFO ] [3c1079cf5c6a41ee] [join_executor.go:188          ] [main                ] - Cluster join: Successfully joined the cluster
2020-11-20T00:17:38.062Z [jfrou] [INFO ] [3c1079cf5c6a41ee] [http_client_holder.go:155     ] [main                ] - System cert pool contents were loaded as trusted CAs for TLS communication
2020-11-20T00:17:38.063Z [jfrou] [INFO ] [3c1079cf5c6a41ee] [http_client_holder.go:175     ] [main                ] - Following certificates were successfully loaded as trusted CAs for TLS communication:
[/opt/jfrog/artifactory/var/data/router/keys/trusted/access-root-ca.crt]
2020-11-20T00:17:38.137Z [jfrou] [INFO ] [3c1079cf5c6a41ee] [main.go:47                    ] [main                ] - Router (jfrou) service initialization completed in 28.558 seconds. Listening on port: 8082
2020-11-20T00:18:03.159Z [jfrou] [INFO ] [ab425f51aed7a65 ] [local_topology.go:213         ] [main                ] - 
###############################################################
###   All services started successfully in 53.581 seconds   ###
###############################################################
2020-11-20T17:54:45.452Z [jfrou] [ERROR] [11b8537fe9a0b4a6] [external_topology.go:82       ] [main                ] - Failed fetching external topology from Access: Get "http://localhost:8040/access/api/v1/topology": read tcp 127.0.0.1:42816->127.0.0.1:8040: read: connection reset by peer
2020-11-20T17:54:47.860Z [jfrou] [ERROR] [3ad2cab5fe6cce4a] [external_topology.go:82       ] [main                ] - Failed fetching external topology from Access: Get "http://localhost:8040/access/api/v1/topology": dial tcp 127.0.0.1:8040: connect: connection refused
2020-11-20T19:13:02.957Z [jfrou] [INFO ] [228451ac54ee29c0] [bootstrap.go:71               ] [main                ] - Router (jfrou) service initialization started. Version: 1.4.2 Revision: 04f9b835bcb908f9bb8d4743e64903e077f5b1ad PID: 3584 Home: /opt/jfrog/artifactory
2020-11-20T19:13:02.966Z [jfrou] [INFO ] [228451ac54ee29c0] [bootstrap.go:74               ] [main                ] - JFrog Router IP: 172.27.0.3
2020-11-20T19:13:02.968Z [jfrou] [INFO ] [228451ac54ee29c0] [bootstrap.go:175              ] [main                ] - System configuration encryption report:
shared.newrelic.licenseKey: does not exist in the config file
shared.security.joinKeyFile: file '/opt/jfrog/artifactory/var/etc/security/join.key' - encrypted successfully
2020-11-20T19:13:02.969Z [jfrou] [INFO ] [228451ac54ee29c0] [bootstrap.go:79               ] [main                ] - JFrog Router Service ID: jfrou@01eq3y5pn2jzt47gncgnqyypwv
2020-11-20T19:13:02.969Z [jfrou] [INFO ] [228451ac54ee29c0] [bootstrap.go:80               ] [main                ] - JFrog Router Node ID: 33626d86dcc9
2020-11-20T19:13:02.989Z [jfrou] [INFO ] [228451ac54ee29c0] [http_client_holder.go:155     ] [main                ] - System cert pool contents were loaded as trusted CAs for TLS communication
2020-11-20T19:13:02.990Z [jfrou] [INFO ] [228451ac54ee29c0] [http_client_holder.go:175     ] [main                ] - Following certificates were successfully loaded as trusted CAs for TLS communication:
[/opt/jfrog/artifactory/var/data/router/keys/trusted/access-root-ca.crt]
2020-11-20T19:13:04.958Z [jfrou] [INFO ] [228451ac54ee29c0] [config_holder.go:107          ] [main                ] - Configuration update detected
2020-11-20T19:13:29.748Z [jfrou] [INFO ] [228451ac54ee29c0] [join_executor.go:188          ] [main                ] - Cluster join: Successfully joined the cluster
2020-11-20T19:13:29.749Z [jfrou] [INFO ] [228451ac54ee29c0] [http_client_holder.go:155     ] [main                ] - System cert pool contents were loaded as trusted CAs for TLS communication
2020-11-20T19:13:29.749Z [jfrou] [INFO ] [228451ac54ee29c0] [http_client_holder.go:175     ] [main                ] - Following certificates were successfully loaded as trusted CAs for TLS communication:
[/opt/jfrog/artifactory/var/data/router/keys/trusted/access-root-ca.crt]
2020-11-20T19:13:29.774Z [jfrou] [INFO ] [228451ac54ee29c0] [main.go:47                    ] [main                ] - Router (jfrou) service initialization completed in 26.822 seconds. Listening on port: 8082
2020-11-20T19:13:54.808Z [jfrou] [INFO ] [4677673f6a079f23] [local_topology.go:213         ] [main                ] - 
###############################################################
###   All services started successfully in 51.856 seconds   ###
###############################################################
2020-11-20T19:16:26.857Z [jfrou] [ERROR] [4dda7028492fb68a] [external_topology.go:82       ] [main                ] - Failed fetching external topology from Access: Get "http://localhost:8040/access/api/v1/topology": dial tcp 127.0.0.1:8040: connect: connection refused
2020-11-20T19:16:29.858Z [jfrou] [ERROR] [9681fa1f2054358 ] [external_topology.go:82       ] [main                ] - Failed fetching external topology from Access: Get "http://localhost:8040/access/api/v1/topology": dial tcp 127.0.0.1:8040: connect: connection refused
2020-11-20T19:16:55.266Z [jfrou] [INFO ] [1c7b814af5bb137 ] [bootstrap.go:71               ] [main                ] - Router (jfrou) service initialization started. Version: 1.4.2 Revision: 04f9b835bcb908f9bb8d4743e64903e077f5b1ad PID: 3593 Home: /opt/jfrog/artifactory
2020-11-20T19:16:55.266Z [jfrou] [INFO ] [1c7b814af5bb137 ] [bootstrap.go:74               ] [main                ] - JFrog Router IP: 172.28.0.3
2020-11-20T19:16:55.268Z [jfrou] [INFO ] [1c7b814af5bb137 ] [bootstrap.go:175              ] [main                ] - System configuration encryption report:
shared.newrelic.licenseKey: does not exist in the config file
shared.security.joinKeyFile: file '/opt/jfrog/artifactory/var/etc/security/join.key' - encrypted successfully
2020-11-20T19:16:55.269Z [jfrou] [INFO ] [1c7b814af5bb137 ] [bootstrap.go:79               ] [main                ] - JFrog Router Service ID: jfrou@01eq3y5pn2jzt47gncgnqyypwv
2020-11-20T19:16:55.269Z [jfrou] [INFO ] [1c7b814af5bb137 ] [bootstrap.go:80               ] [main                ] - JFrog Router Node ID: 0f2618b9b9d9
2020-11-20T19:16:55.286Z [jfrou] [INFO ] [1c7b814af5bb137 ] [http_client_holder.go:155     ] [main                ] - System cert pool contents were loaded as trusted CAs for TLS communication
2020-11-20T19:16:55.286Z [jfrou] [INFO ] [1c7b814af5bb137 ] [http_client_holder.go:175     ] [main                ] - Following certificates were successfully loaded as trusted CAs for TLS communication:
[/opt/jfrog/artifactory/var/data/router/keys/trusted/access-root-ca.crt]
2020-11-20T19:16:57.278Z [jfrou] [INFO ] [1c7b814af5bb137 ] [config_holder.go:107          ] [main                ] - Configuration update detected
2020-11-20T19:17:15.710Z [jfrou] [INFO ] [1c7b814af5bb137 ] [join_executor.go:188          ] [main                ] - Cluster join: Successfully joined the cluster
2020-11-20T19:17:15.711Z [jfrou] [INFO ] [1c7b814af5bb137 ] [http_client_holder.go:155     ] [main                ] - System cert pool contents were loaded as trusted CAs for TLS communication
2020-11-20T19:17:15.711Z [jfrou] [INFO ] [1c7b814af5bb137 ] [http_client_holder.go:175     ] [main                ] - Following certificates were successfully loaded as trusted CAs for TLS communication:
[/opt/jfrog/artifactory/var/data/router/keys/trusted/access-root-ca.crt]
2020-11-20T19:17:15.721Z [jfrou] [INFO ] [1c7b814af5bb137 ] [main.go:47                    ] [main                ] - Router (jfrou) service initialization completed in 20.465 seconds. Listening on port: 8082
2020-11-20T19:17:35.742Z [jfrou] [INFO ] [434b3bc8ccd50128] [local_topology.go:213         ] [main                ] - 
###############################################################
###   All services started successfully in 40.486 seconds   ###
###############################################################
2020-11-20T19:26:46.980Z [jfrou] [ERROR] [f68bda02eda3723 ] [external_topology.go:82       ] [main                ] - Failed fetching external topology from Access: Get "http://localhost:8040/access/api/v1/topology": read tcp 127.0.0.1:56360->127.0.0.1:8040: read: connection reset by peer
2020-11-20T19:26:49.186Z [jfrou] [ERROR] [62d281e4c431e354] [external_topology.go:82       ] [main                ] - Failed fetching external topology from Access: Get "http://localhost:8040/access/api/v1/topology": dial tcp 127.0.0.1:8040: connect: connection refused
2020-11-20T19:28:19.528Z [jfrou] [INFO ] [46e502eaa65a0df2] [bootstrap.go:71               ] [main                ] - Router (jfrou) service initialization started. Version: 1.4.2 Revision: 04f9b835bcb908f9bb8d4743e64903e077f5b1ad PID: 3588 Home: /opt/jfrog/artifactory
2020-11-20T19:28:19.534Z [jfrou] [INFO ] [46e502eaa65a0df2] [bootstrap.go:74               ] [main                ] - JFrog Router IP: 172.29.0.2
2020-11-20T19:28:19.536Z [jfrou] [INFO ] [46e502eaa65a0df2] [bootstrap.go:175              ] [main                ] - System configuration encryption report:
shared.newrelic.licenseKey: does not exist in the config file
shared.security.joinKeyFile: file '/opt/jfrog/artifactory/var/etc/security/join.key' - encrypted successfully
2020-11-20T19:28:19.536Z [jfrou] [INFO ] [46e502eaa65a0df2] [bootstrap.go:79               ] [main                ] - JFrog Router Service ID: jfrou@01eq3y5pn2jzt47gncgnqyypwv
2020-11-20T19:28:19.536Z [jfrou] [INFO ] [46e502eaa65a0df2] [bootstrap.go:80               ] [main                ] - JFrog Router Node ID: 2e776a218074
2020-11-20T19:28:19.565Z [jfrou] [INFO ] [46e502eaa65a0df2] [http_client_holder.go:155     ] [main                ] - System cert pool contents were loaded as trusted CAs for TLS communication
2020-11-20T19:28:19.565Z [jfrou] [INFO ] [46e502eaa65a0df2] [http_client_holder.go:175     ] [main                ] - Following certificates were successfully loaded as trusted CAs for TLS communication:
[/opt/jfrog/artifactory/var/data/router/keys/trusted/access-root-ca.crt]
2020-11-20T19:28:21.532Z [jfrou] [INFO ] [46e502eaa65a0df2] [config_holder.go:107          ] [main                ] - Configuration update detected
2020-11-20T19:28:45.985Z [jfrou] [INFO ] [46e502eaa65a0df2] [join_executor.go:188          ] [main                ] - Cluster join: Successfully joined the cluster
2020-11-20T19:28:45.986Z [jfrou] [INFO ] [46e502eaa65a0df2] [http_client_holder.go:155     ] [main                ] - System cert pool contents were loaded as trusted CAs for TLS communication
2020-11-20T19:28:45.986Z [jfrou] [INFO ] [46e502eaa65a0df2] [http_client_holder.go:175     ] [main                ] - Following certificates were successfully loaded as trusted CAs for TLS communication:
[/opt/jfrog/artifactory/var/data/router/keys/trusted/access-root-ca.crt]
2020-11-20T19:28:45.997Z [jfrou] [INFO ] [46e502eaa65a0df2] [main.go:47                    ] [main                ] - Router (jfrou) service initialization completed in 26.487 seconds. Listening on port: 8082
2020-11-20T19:29:06.069Z [jfrou] [INFO ] [34fe627e581bc474] [local_topology.go:213         ] [main                ] - 
###############################################################
###   All services started successfully in 46.559 seconds   ###
###############################################################
2020-11-20T19:30:46.052Z [jfrou] [ERROR] [2a1df97fb1fa2d5d] [external_topology.go:82       ] [main                ] - Failed fetching external topology from Access: Get "http://localhost:8040/access/api/v1/topology": dial tcp 127.0.0.1:8040: connect: connection refused
2020-11-20T19:30:49.069Z [jfrou] [ERROR] [463714547feec045] [external_topology.go:82       ] [main                ] - Failed fetching external topology from Access: Get "http://localhost:8040/access/api/v1/topology": dial tcp 127.0.0.1:8040: connect: connection refused
2020-11-20T19:31:11.143Z [jfrou] [INFO ] [41cd9b820dac02ab] [bootstrap.go:71               ] [main                ] - Router (jfrou) service initialization started. Version: 1.4.2 Revision: 04f9b835bcb908f9bb8d4743e64903e077f5b1ad PID: 3601 Home: /opt/jfrog/artifactory
2020-11-20T19:31:11.143Z [jfrou] [INFO ] [41cd9b820dac02ab] [bootstrap.go:74               ] [main                ] - JFrog Router IP: 172.30.0.3
2020-11-20T19:31:11.147Z [jfrou] [INFO ] [41cd9b820dac02ab] [bootstrap.go:175              ] [main                ] - System configuration encryption report:
shared.newrelic.licenseKey: does not exist in the config file
shared.security.joinKeyFile: file '/opt/jfrog/artifactory/var/etc/security/join.key' - encrypted successfully
2020-11-20T19:31:11.149Z [jfrou] [INFO ] [41cd9b820dac02ab] [bootstrap.go:79               ] [main                ] - JFrog Router Service ID: jfrou@01eq3y5pn2jzt47gncgnqyypwv
2020-11-20T19:31:11.149Z [jfrou] [INFO ] [41cd9b820dac02ab] [bootstrap.go:80               ] [main                ] - JFrog Router Node ID: e71ad894b59c
2020-11-20T19:31:11.173Z [jfrou] [INFO ] [41cd9b820dac02ab] [http_client_holder.go:155     ] [main                ] - System cert pool contents were loaded as trusted CAs for TLS communication
2020-11-20T19:31:11.180Z [jfrou] [INFO ] [41cd9b820dac02ab] [http_client_holder.go:175     ] [main                ] - Following certificates were successfully loaded as trusted CAs for TLS communication:
[/opt/jfrog/artifactory/var/data/router/keys/trusted/access-root-ca.crt]
2020-11-20T19:31:13.144Z [jfrou] [INFO ] [41cd9b820dac02ab] [config_holder.go:107          ] [main                ] - Configuration update detected
2020-11-20T19:31:42.382Z [jfrou] [INFO ] [41cd9b820dac02ab] [join_executor.go:188          ] [main                ] - Cluster join: Successfully joined the cluster
2020-11-20T19:31:42.383Z [jfrou] [INFO ] [41cd9b820dac02ab] [http_client_holder.go:155     ] [main                ] - System cert pool contents were loaded as trusted CAs for TLS communication
2020-11-20T19:31:42.383Z [jfrou] [INFO ] [41cd9b820dac02ab] [http_client_holder.go:175     ] [main                ] - Following certificates were successfully loaded as trusted CAs for TLS communication:
[/opt/jfrog/artifactory/var/data/router/keys/trusted/access-root-ca.crt]
2020-11-20T19:31:42.393Z [jfrou] [INFO ] [41cd9b820dac02ab] [main.go:47                    ] [main                ] - Router (jfrou) service initialization completed in 31.256 seconds. Listening on port: 8082
2020-11-20T19:32:02.412Z [jfrou] [INFO ] [7322116b87be3db4] [local_topology.go:213         ] [main                ] - 
###############################################################
###   All services started successfully in 51.274 seconds   ###
###############################################################
2020-11-23T18:56:58.962Z [jfrou] [ERROR] [d7667d47d630b37 ] [external_topology.go:82       ] [main                ] - Failed fetching external topology from Access: Get "http://localhost:8040/access/api/v1/topology": read tcp 127.0.0.1:44318->127.0.0.1:8040: read: connection reset by peer
2020-11-23T18:57:01.065Z [jfrou] [ERROR] [1e4058b7b2881475] [external_topology.go:82       ] [main                ] - Failed fetching external topology from Access: Get "http://localhost:8040/access/api/v1/topology": dial tcp 127.0.0.1:8040: connect: connection refused
2020-11-23T18:58:42.890Z [jfrou] [INFO ] [66c972beaf65adff] [bootstrap.go:71               ] [main                ] - Router (jfrou) service initialization started. Version: 1.4.2 Revision: 04f9b835bcb908f9bb8d4743e64903e077f5b1ad PID: 3618 Home: /opt/jfrog/artifactory
2020-11-23T18:58:42.890Z [jfrou] [INFO ] [66c972beaf65adff] [bootstrap.go:74               ] [main                ] - JFrog Router IP: 172.31.0.2
2020-11-23T18:58:42.892Z [jfrou] [INFO ] [66c972beaf65adff] [bootstrap.go:175              ] [main                ] - System configuration encryption report:
shared.newrelic.licenseKey: does not exist in the config file
shared.security.joinKeyFile: file '/opt/jfrog/artifactory/var/etc/security/join.key' - encrypted successfully
2020-11-23T18:58:42.893Z [jfrou] [INFO ] [66c972beaf65adff] [bootstrap.go:79               ] [main                ] - JFrog Router Service ID: jfrou@01eq3y5pn2jzt47gncgnqyypwv
2020-11-23T18:58:42.893Z [jfrou] [INFO ] [66c972beaf65adff] [bootstrap.go:80               ] [main                ] - JFrog Router Node ID: 4a24703a859d
2020-11-23T18:58:42.927Z [jfrou] [INFO ] [66c972beaf65adff] [http_client_holder.go:155     ] [main                ] - System cert pool contents were loaded as trusted CAs for TLS communication
2020-11-23T18:58:42.929Z [jfrou] [INFO ] [66c972beaf65adff] [http_client_holder.go:175     ] [main                ] - Following certificates were successfully loaded as trusted CAs for TLS communication:
[/opt/jfrog/artifactory/var/data/router/keys/trusted/access-root-ca.crt]
2020-11-23T18:58:44.957Z [jfrou] [INFO ] [66c972beaf65adff] [config_holder.go:107          ] [main                ] - Configuration update detected
2020-11-23T18:58:47.192Z [jfrou] [INFO ] [66c972beaf65adff] [join_executor.go:154          ] [main                ] - Cluster join: Retry 5: Service registry ping failed, will retry. Error: Get "http://localhost:8040/access/api/v1/system/ping": dial tcp 127.0.0.1:8040: connect: connection refused
2020-11-23T18:59:44.800Z [jfrou] [INFO ] [66c972beaf65adff] [join_executor.go:188          ] [main                ] - Cluster join: Successfully joined the cluster
2020-11-23T18:59:44.801Z [jfrou] [INFO ] [66c972beaf65adff] [http_client_holder.go:155     ] [main                ] - System cert pool contents were loaded as trusted CAs for TLS communication
2020-11-23T18:59:44.802Z [jfrou] [INFO ] [66c972beaf65adff] [http_client_holder.go:175     ] [main                ] - Following certificates were successfully loaded as trusted CAs for TLS communication:
[/opt/jfrog/artifactory/var/data/router/keys/trusted/access-root-ca.crt]
2020-11-23T18:59:44.848Z [jfrou] [INFO ] [66c972beaf65adff] [main.go:47                    ] [main                ] - Router (jfrou) service initialization completed in 61.976 seconds. Listening on port: 8082
2020-11-23T19:00:15.011Z [jfrou] [INFO ] [42f6930455d754c5] [local_topology.go:213         ] [main                ] - 
###############################################################
###   All services started successfully in 92.139 seconds   ###
###############################################################
2020-11-23T19:07:52.509Z [jfrou] [ERROR] [3d269c0bd9c4f077] [external_topology.go:82       ] [main                ] - Failed fetching external topology from Access: Get "http://localhost:8040/access/api/v1/topology": read tcp 127.0.0.1:46484->127.0.0.1:8040: read: connection reset by peer
2020-11-23T19:07:54.258Z [jfrou] [ERROR] [7d18b96dbc7e0b7c] [external_topology.go:82       ] [main                ] - Failed fetching external topology from Access: Get "http://localhost:8040/access/api/v1/topology": dial tcp 127.0.0.1:8040: connect: connection refused
2020-11-23T19:07:57.258Z [jfrou] [ERROR] [1186c884ef6c7593] [external_topology.go:82       ] [main                ] - Failed fetching external topology from Access: Get "http://localhost:8040/access/api/v1/topology": dial tcp 127.0.0.1:8040: connect: connection refused
2020-11-23T19:08:13.143Z [jfrou] [INFO ] [77d87eab7066216c] [bootstrap.go:71               ] [main                ] - Router (jfrou) service initialization started. Version: 1.4.2 Revision: 04f9b835bcb908f9bb8d4743e64903e077f5b1ad PID: 3574 Home: /opt/jfrog/artifactory
2020-11-23T19:08:13.143Z [jfrou] [INFO ] [77d87eab7066216c] [bootstrap.go:74               ] [main                ] - JFrog Router IP: 192.168.0.3
2020-11-23T19:08:13.146Z [jfrou] [INFO ] [77d87eab7066216c] [bootstrap.go:175              ] [main                ] - System configuration encryption report:
shared.newrelic.licenseKey: does not exist in the config file
shared.security.joinKeyFile: file '/opt/jfrog/artifactory/var/etc/security/join.key' - encrypted successfully
2020-11-23T19:08:13.147Z [jfrou] [INFO ] [77d87eab7066216c] [bootstrap.go:79               ] [main                ] - JFrog Router Service ID: jfrou@01eq3y5pn2jzt47gncgnqyypwv
2020-11-23T19:08:13.147Z [jfrou] [INFO ] [77d87eab7066216c] [bootstrap.go:80               ] [main                ] - JFrog Router Node ID: f1c5a9859472
2020-11-23T19:08:13.170Z [jfrou] [INFO ] [77d87eab7066216c] [http_client_holder.go:155     ] [main                ] - System cert pool contents were loaded as trusted CAs for TLS communication
2020-11-23T19:08:13.171Z [jfrou] [INFO ] [77d87eab7066216c] [http_client_holder.go:175     ] [main                ] - Following certificates were successfully loaded as trusted CAs for TLS communication:
[/opt/jfrog/artifactory/var/data/router/keys/trusted/access-root-ca.crt]
2020-11-23T19:08:15.144Z [jfrou] [INFO ] [77d87eab7066216c] [config_holder.go:107          ] [main                ] - Configuration update detected
2020-11-23T19:08:32.439Z [jfrou] [INFO ] [77d87eab7066216c] [join_executor.go:154          ] [main                ] - Cluster join: Retry 5: Service registry ping failed, will retry. Error: Get "http://localhost:8040/access/api/v1/system/ping": net/http: request canceled (Client.Timeout exceeded while awaiting headers)
2020-11-23T19:08:51.074Z [jfrou] [INFO ] [77d87eab7066216c] [join_executor.go:188          ] [main                ] - Cluster join: Successfully joined the cluster
2020-11-23T19:08:51.083Z [jfrou] [INFO ] [77d87eab7066216c] [http_client_holder.go:155     ] [main                ] - System cert pool contents were loaded as trusted CAs for TLS communication
2020-11-23T19:08:51.084Z [jfrou] [INFO ] [77d87eab7066216c] [http_client_holder.go:175     ] [main                ] - Following certificates were successfully loaded as trusted CAs for TLS communication:
[/opt/jfrog/artifactory/var/data/router/keys/trusted/access-root-ca.crt]
2020-11-23T19:08:51.108Z [jfrou] [INFO ] [77d87eab7066216c] [main.go:47                    ] [main                ] - Router (jfrou) service initialization completed in 37.970 seconds. Listening on port: 8082
2020-11-23T19:09:04.737Z [jfrou] [ERROR] [517d6b3894673450] [external_topology.go:82       ] [main                ] - Failed fetching external topology from Access: Get "http://localhost:8040/access/api/v1/topology": read tcp 127.0.0.1:46880->127.0.0.1:8040: read: connection reset by peer
2020-11-23T19:09:06.112Z [jfrou] [ERROR] [40258c4b21c5d513] [external_topology.go:82       ] [main                ] - Failed fetching external topology from Access: Get "http://localhost:8040/access/api/v1/topology": dial tcp 127.0.0.1:8040: connect: connection refused
2020-11-23T19:10:01.150Z [jfrou] [INFO ] [41e372aa1d29bddb] [bootstrap.go:71               ] [main                ] - Router (jfrou) service initialization started. Version: 1.4.2 Revision: 04f9b835bcb908f9bb8d4743e64903e077f5b1ad PID: 3602 Home: /opt/jfrog/artifactory
2020-11-23T19:10:01.150Z [jfrou] [INFO ] [41e372aa1d29bddb] [bootstrap.go:74               ] [main                ] - JFrog Router IP: 192.168.16.4
2020-11-23T19:10:01.155Z [jfrou] [INFO ] [41e372aa1d29bddb] [bootstrap.go:175              ] [main                ] - System configuration encryption report:
shared.newrelic.licenseKey: does not exist in the config file
shared.security.joinKeyFile: file '/opt/jfrog/artifactory/var/etc/security/join.key' - encrypted successfully
2020-11-23T19:10:01.158Z [jfrou] [INFO ] [41e372aa1d29bddb] [bootstrap.go:79               ] [main                ] - JFrog Router Service ID: jfrou@01eq3y5pn2jzt47gncgnqyypwv
2020-11-23T19:10:01.158Z [jfrou] [INFO ] [41e372aa1d29bddb] [bootstrap.go:80               ] [main                ] - JFrog Router Node ID: 150858721bf6
2020-11-23T19:10:01.244Z [jfrou] [INFO ] [41e372aa1d29bddb] [http_client_holder.go:155     ] [main                ] - System cert pool contents were loaded as trusted CAs for TLS communication
2020-11-23T19:10:01.245Z [jfrou] [INFO ] [41e372aa1d29bddb] [http_client_holder.go:175     ] [main                ] - Following certificates were successfully loaded as trusted CAs for TLS communication:
[/opt/jfrog/artifactory/var/data/router/keys/trusted/access-root-ca.crt]
2020-11-23T19:10:03.162Z [jfrou] [INFO ] [41e372aa1d29bddb] [config_holder.go:107          ] [main                ] - Configuration update detected
2020-11-23T19:10:05.665Z [jfrou] [INFO ] [41e372aa1d29bddb] [join_executor.go:154          ] [main                ] - Cluster join: Retry 5: Service registry ping failed, will retry. Error: Get "http://localhost:8040/access/api/v1/system/ping": dial tcp 127.0.0.1:8040: connect: connection refused
2020-11-23T19:10:47.854Z [jfrou] [INFO ] [41e372aa1d29bddb] [join_executor.go:188          ] [main                ] - Cluster join: Successfully joined the cluster
2020-11-23T19:10:47.855Z [jfrou] [INFO ] [41e372aa1d29bddb] [http_client_holder.go:155     ] [main                ] - System cert pool contents were loaded as trusted CAs for TLS communication
2020-11-23T19:10:47.855Z [jfrou] [INFO ] [41e372aa1d29bddb] [http_client_holder.go:175     ] [main                ] - Following certificates were successfully loaded as trusted CAs for TLS communication:
[/opt/jfrog/artifactory/var/data/router/keys/trusted/access-root-ca.crt]
2020-11-23T19:10:47.871Z [jfrou] [INFO ] [41e372aa1d29bddb] [main.go:47                    ] [main                ] - Router (jfrou) service initialization completed in 46.732 seconds. Listening on port: 8082
2020-11-23T19:11:17.898Z [jfrou] [INFO ] [275bb694e3192301] [local_topology.go:213         ] [main                ] - 
###############################################################
###   All services started successfully in 76.760 seconds   ###
###############################################################
2020-11-23T19:14:27.020Z [jfrou] [ERROR] [4ba3496eec0e2555] [external_topology.go:82       ] [main                ] - Failed fetching external topology from Access: Get "http://localhost:8040/access/api/v1/topology": dial tcp 127.0.0.1:8040: connect: connection refused
2020-11-23T19:14:30.020Z [jfrou] [ERROR] [1fa5fedadcb9c4f0] [external_topology.go:82       ] [main                ] - Failed fetching external topology from Access: Get "http://localhost:8040/access/api/v1/topology": dial tcp 127.0.0.1:8040: connect: connection refused
2020-11-23T19:14:55.796Z [jfrou] [INFO ] [3b1c3e57326e2854] [bootstrap.go:71               ] [main                ] - Router (jfrou) service initialization started. Version: 1.4.2 Revision: 04f9b835bcb908f9bb8d4743e64903e077f5b1ad PID: 3576 Home: /opt/jfrog/artifactory
2020-11-23T19:14:55.796Z [jfrou] [INFO ] [3b1c3e57326e2854] [bootstrap.go:74               ] [main                ] - JFrog Router IP: 192.168.48.2
2020-11-23T19:14:55.807Z [jfrou] [INFO ] [3b1c3e57326e2854] [bootstrap.go:175              ] [main                ] - System configuration encryption report:
shared.newrelic.licenseKey: does not exist in the config file
shared.security.joinKeyFile: file '/opt/jfrog/artifactory/var/etc/security/join.key' - encrypted successfully
2020-11-23T19:14:55.832Z [jfrou] [INFO ] [3b1c3e57326e2854] [bootstrap.go:79               ] [main                ] - JFrog Router Service ID: jfrou@01eq3y5pn2jzt47gncgnqyypwv
2020-11-23T19:14:55.833Z [jfrou] [INFO ] [3b1c3e57326e2854] [bootstrap.go:80               ] [main                ] - JFrog Router Node ID: 324aa074fccb
2020-11-23T19:14:55.897Z [jfrou] [INFO ] [3b1c3e57326e2854] [http_client_holder.go:155     ] [main                ] - System cert pool contents were loaded as trusted CAs for TLS communication
2020-11-23T19:14:55.926Z [jfrou] [INFO ] [3b1c3e57326e2854] [http_client_holder.go:175     ] [main                ] - Following certificates were successfully loaded as trusted CAs for TLS communication:
[/opt/jfrog/artifactory/var/data/router/keys/trusted/access-root-ca.crt]
2020-11-23T19:14:57.803Z [jfrou] [INFO ] [3b1c3e57326e2854] [config_holder.go:107          ] [main                ] - Configuration update detected
2020-11-23T19:15:00.875Z [jfrou] [INFO ] [3b1c3e57326e2854] [join_executor.go:154          ] [main                ] - Cluster join: Retry 5: Service registry ping failed, will retry. Error: Get "http://localhost:8040/access/api/v1/system/ping": dial tcp 127.0.0.1:8040: connect: connection refused
2020-11-23T19:15:42.722Z [jfrou] [INFO ] [3b1c3e57326e2854] [join_executor.go:188          ] [main                ] - Cluster join: Successfully joined the cluster
2020-11-23T19:15:42.723Z [jfrou] [INFO ] [3b1c3e57326e2854] [http_client_holder.go:155     ] [main                ] - System cert pool contents were loaded as trusted CAs for TLS communication
2020-11-23T19:15:42.723Z [jfrou] [INFO ] [3b1c3e57326e2854] [http_client_holder.go:175     ] [main                ] - Following certificates were successfully loaded as trusted CAs for TLS communication:
[/opt/jfrog/artifactory/var/data/router/keys/trusted/access-root-ca.crt]
2020-11-23T19:15:42.735Z [jfrou] [INFO ] [3b1c3e57326e2854] [main.go:47                    ] [main                ] - Router (jfrou) service initialization completed in 46.952 seconds. Listening on port: 8082
2020-11-23T19:16:12.762Z [jfrou] [INFO ] [68225373dc0cc568] [local_topology.go:213         ] [main                ] - 
###############################################################
###   All services started successfully in 76.979 seconds   ###
###############################################################
2020-11-23T19:19:35.976Z [jfrou] [ERROR] [679aa6e26565c829] [external_topology.go:82       ] [main                ] - Failed fetching external topology from Access: Get "http://localhost:8040/access/api/v1/topology": read tcp 127.0.0.1:49454->127.0.0.1:8040: read: connection reset by peer
2020-11-23T19:19:36.875Z [jfrou] [ERROR] [296c8dcb9d20ebce] [external_topology.go:82       ] [main                ] - Failed fetching external topology from Access: Get "http://localhost:8040/access/api/v1/topology": dial tcp 127.0.0.1:8040: connect: connection refused
2020-11-23T19:19:39.881Z [jfrou] [ERROR] [79cc029a6f247848] [external_topology.go:82       ] [main                ] - Failed fetching external topology from Access: Get "http://localhost:8040/access/api/v1/topology": dial tcp 127.0.0.1:8040: connect: connection refused
2020-11-23T19:19:52.609Z [jfrou] [INFO ] [44d63958732102ca] [bootstrap.go:71               ] [main                ] - Router (jfrou) service initialization started. Version: 1.4.2 Revision: 04f9b835bcb908f9bb8d4743e64903e077f5b1ad PID: 3596 Home: /opt/jfrog/artifactory
2020-11-23T19:19:52.610Z [jfrou] [INFO ] [44d63958732102ca] [bootstrap.go:74               ] [main                ] - JFrog Router IP: 192.168.64.2
2020-11-23T19:19:52.616Z [jfrou] [INFO ] [44d63958732102ca] [bootstrap.go:175              ] [main                ] - System configuration encryption report:
shared.newrelic.licenseKey: does not exist in the config file
shared.security.joinKeyFile: file '/opt/jfrog/artifactory/var/etc/security/join.key' - encrypted successfully
2020-11-23T19:19:52.619Z [jfrou] [INFO ] [44d63958732102ca] [bootstrap.go:79               ] [main                ] - JFrog Router Service ID: jfrou@01eq3y5pn2jzt47gncgnqyypwv
2020-11-23T19:19:52.619Z [jfrou] [INFO ] [44d63958732102ca] [bootstrap.go:80               ] [main                ] - JFrog Router Node ID: ec36f061170a
2020-11-23T19:19:52.768Z [jfrou] [INFO ] [44d63958732102ca] [http_client_holder.go:155     ] [main                ] - System cert pool contents were loaded as trusted CAs for TLS communication
2020-11-23T19:19:52.832Z [jfrou] [INFO ] [44d63958732102ca] [http_client_holder.go:175     ] [main                ] - Following certificates were successfully loaded as trusted CAs for TLS communication:
[/opt/jfrog/artifactory/var/data/router/keys/trusted/access-root-ca.crt]
2020-11-23T19:19:54.620Z [jfrou] [INFO ] [44d63958732102ca] [config_holder.go:107          ] [main                ] - Configuration update detected
2020-11-23T19:19:57.611Z [jfrou] [INFO ] [44d63958732102ca] [join_executor.go:154          ] [main                ] - Cluster join: Retry 5: Service registry ping failed, will retry. Error: Get "http://localhost:8040/access/api/v1/system/ping": dial tcp 127.0.0.1:8040: connect: connection refused
2020-11-23T19:20:53.290Z [jfrou] [INFO ] [44d63958732102ca] [join_executor.go:188          ] [main                ] - Cluster join: Successfully joined the cluster
2020-11-23T19:20:53.292Z [jfrou] [INFO ] [44d63958732102ca] [http_client_holder.go:155     ] [main                ] - System cert pool contents were loaded as trusted CAs for TLS communication
2020-11-23T19:20:53.292Z [jfrou] [INFO ] [44d63958732102ca] [http_client_holder.go:175     ] [main                ] - Following certificates were successfully loaded as trusted CAs for TLS communication:
[/opt/jfrog/artifactory/var/data/router/keys/trusted/access-root-ca.crt]
2020-11-23T19:20:53.309Z [jfrou] [INFO ] [44d63958732102ca] [main.go:47                    ] [main                ] - Router (jfrou) service initialization completed in 60.711 seconds. Listening on port: 8082
2020-11-23T19:21:28.397Z [jfrou] [INFO ] [40fb5791af0354a3] [local_topology.go:213         ] [main                ] - 
###############################################################
###   All services started successfully in 95.799 seconds   ###
###############################################################
2020-11-26T23:16:02.088Z [jfrou] [ERROR] [4fd2a80e50ffed62] [external_topology.go:82       ] [main                ] - Failed fetching external topology from Access: Get "http://localhost:8040/access/api/v1/topology": read tcp 127.0.0.1:55098->127.0.0.1:8040: read: connection reset by peer
2020-11-26T23:16:03.271Z [jfrou] [ERROR] [13016530373af3a6] [external_topology.go:82       ] [main                ] - Failed fetching external topology from Access: Get "http://localhost:8040/access/api/v1/topology": dial tcp 127.0.0.1:8040: connect: connection refused
2020-11-26T23:16:38.667Z [jfrou] [INFO ] [6af31f39f2596364] [bootstrap.go:71               ] [main                ] - Router (jfrou) service initialization started. Version: 1.4.2 Revision: 04f9b835bcb908f9bb8d4743e64903e077f5b1ad PID: 3614 Home: /opt/jfrog/artifactory
2020-11-26T23:16:38.667Z [jfrou] [INFO ] [6af31f39f2596364] [bootstrap.go:74               ] [main                ] - JFrog Router IP: 192.168.80.3
2020-11-26T23:16:38.803Z [jfrou] [INFO ] [6af31f39f2596364] [bootstrap.go:175              ] [main                ] - System configuration encryption report:
shared.newrelic.licenseKey: does not exist in the config file
shared.security.joinKeyFile: file '/opt/jfrog/artifactory/var/etc/security/join.key' - encrypted successfully
2020-11-26T23:16:38.808Z [jfrou] [INFO ] [6af31f39f2596364] [bootstrap.go:79               ] [main                ] - JFrog Router Service ID: jfrou@01eq3y5pn2jzt47gncgnqyypwv
2020-11-26T23:16:38.808Z [jfrou] [INFO ] [6af31f39f2596364] [bootstrap.go:80               ] [main                ] - JFrog Router Node ID: ff631fafa278
2020-11-26T23:16:38.917Z [jfrou] [INFO ] [6af31f39f2596364] [http_client_holder.go:155     ] [main                ] - System cert pool contents were loaded as trusted CAs for TLS communication
2020-11-26T23:16:38.924Z [jfrou] [INFO ] [6af31f39f2596364] [http_client_holder.go:175     ] [main                ] - Following certificates were successfully loaded as trusted CAs for TLS communication:
[/opt/jfrog/artifactory/var/data/router/keys/trusted/access-root-ca.crt]
2020-11-26T23:16:40.713Z [jfrou] [INFO ] [6af31f39f2596364] [config_holder.go:107          ] [main                ] - Configuration update detected
2020-11-26T23:16:58.314Z [jfrou] [INFO ] [6af31f39f2596364] [join_executor.go:154          ] [main                ] - Cluster join: Retry 5: Service registry ping failed, will retry. Error: Get "http://localhost:8040/access/api/v1/system/ping": context deadline exceeded (Client.Timeout exceeded while awaiting headers)
2020-11-26T23:17:23.791Z [jfrou] [INFO ] [6af31f39f2596364] [join_executor.go:188          ] [main                ] - Cluster join: Successfully joined the cluster
2020-11-26T23:17:23.792Z [jfrou] [INFO ] [6af31f39f2596364] [http_client_holder.go:155     ] [main                ] - System cert pool contents were loaded as trusted CAs for TLS communication
2020-11-26T23:17:23.793Z [jfrou] [INFO ] [6af31f39f2596364] [http_client_holder.go:175     ] [main                ] - Following certificates were successfully loaded as trusted CAs for TLS communication:
[/opt/jfrog/artifactory/var/data/router/keys/trusted/access-root-ca.crt]
2020-11-26T23:17:23.860Z [jfrou] [INFO ] [6af31f39f2596364] [main.go:47                    ] [main                ] - Router (jfrou) service initialization completed in 45.203 seconds. Listening on port: 8082
2020-11-26T23:17:48.893Z [jfrou] [INFO ] [49107538c5b1afcb] [local_topology.go:213         ] [main                ] - 
###############################################################
###   All services started successfully in 70.236 seconds   ###
###############################################################
2020-11-26T23:43:56.711Z [jfrou] [ERROR] [2391af45e73ee8bc] [external_topology.go:82       ] [main                ] - Failed fetching external topology from Access: Get "http://localhost:8040/access/api/v1/topology": read tcp 127.0.0.1:60912->127.0.0.1:8040: read: connection reset by peer
2020-11-26T23:43:58.299Z [jfrou] [ERROR] [447658684a8e8140] [external_topology.go:82       ] [main                ] - Failed fetching external topology from Access: Get "http://localhost:8040/access/api/v1/topology": dial tcp 127.0.0.1:8040: connect: connection refused
2020-11-26T23:44:01.299Z [jfrou] [ERROR] [75313744c27c489e] [external_topology.go:82       ] [main                ] - Failed fetching external topology from Access: Get "http://localhost:8040/access/api/v1/topology": dial tcp 127.0.0.1:8040: connect: connection refused
2020-11-26T23:44:26.948Z [jfrou] [INFO ] [1597de996b6ae52 ] [bootstrap.go:71               ] [main                ] - Router (jfrou) service initialization started. Version: 1.4.2 Revision: 04f9b835bcb908f9bb8d4743e64903e077f5b1ad PID: 3601 Home: /opt/jfrog/artifactory
2020-11-26T23:44:26.949Z [jfrou] [INFO ] [1597de996b6ae52 ] [bootstrap.go:74               ] [main                ] - JFrog Router IP: 192.168.96.4
2020-11-26T23:44:26.951Z [jfrou] [INFO ] [1597de996b6ae52 ] [bootstrap.go:175              ] [main                ] - System configuration encryption report:
shared.newrelic.licenseKey: does not exist in the config file
shared.security.joinKeyFile: file '/opt/jfrog/artifactory/var/etc/security/join.key' - encrypted successfully
2020-11-26T23:44:26.951Z [jfrou] [INFO ] [1597de996b6ae52 ] [bootstrap.go:79               ] [main                ] - JFrog Router Service ID: jfrou@01eq3y5pn2jzt47gncgnqyypwv
2020-11-26T23:44:26.952Z [jfrou] [INFO ] [1597de996b6ae52 ] [bootstrap.go:80               ] [main                ] - JFrog Router Node ID: 33e2fd8dd499
2020-11-26T23:44:26.971Z [jfrou] [INFO ] [1597de996b6ae52 ] [http_client_holder.go:155     ] [main                ] - System cert pool contents were loaded as trusted CAs for TLS communication
2020-11-26T23:44:27.053Z [jfrou] [INFO ] [1597de996b6ae52 ] [http_client_holder.go:175     ] [main                ] - Following certificates were successfully loaded as trusted CAs for TLS communication:
[/opt/jfrog/artifactory/var/data/router/keys/trusted/access-root-ca.crt]
2020-11-26T23:44:28.985Z [jfrou] [INFO ] [1597de996b6ae52 ] [config_holder.go:107          ] [main                ] - Configuration update detected
2020-11-26T23:45:01.811Z [jfrou] [INFO ] [1597de996b6ae52 ] [join_executor.go:188          ] [main                ] - Cluster join: Successfully joined the cluster
2020-11-26T23:45:01.812Z [jfrou] [INFO ] [1597de996b6ae52 ] [http_client_holder.go:155     ] [main                ] - System cert pool contents were loaded as trusted CAs for TLS communication
2020-11-26T23:45:01.812Z [jfrou] [INFO ] [1597de996b6ae52 ] [http_client_holder.go:175     ] [main                ] - Following certificates were successfully loaded as trusted CAs for TLS communication:
[/opt/jfrog/artifactory/var/data/router/keys/trusted/access-root-ca.crt]
2020-11-26T23:45:01.863Z [jfrou] [INFO ] [1597de996b6ae52 ] [main.go:47                    ] [main                ] - Router (jfrou) service initialization completed in 35.052 seconds. Listening on port: 8082
2020-11-26T23:45:27.113Z [jfrou] [INFO ] [209aa62d0c8a4183] [local_topology.go:213         ] [main                ] - 
###############################################################
###   All services started successfully in 60.302 seconds   ###
###############################################################
2020-11-27T10:57:14.545Z [jfrou] [ERROR] [78a6655b31f51d78] [external_topology.go:82       ] [main                ] - Failed fetching external topology from Access: Get "http://localhost:8040/access/api/v1/topology": read tcp 127.0.0.1:45318->127.0.0.1:8040: read: connection reset by peer
2020-11-27T10:57:17.347Z [jfrou] [ERROR] [2a89a27f14a1404 ] [external_topology.go:82       ] [main                ] - Failed fetching external topology from Access: Get "http://localhost:8040/access/api/v1/topology": dial tcp 127.0.0.1:8040: connect: connection refused
2020-11-27T11:13:38.754Z [jfrou] [INFO ] [b8981051624b6c9 ] [bootstrap.go:71               ] [main                ] - Router (jfrou) service initialization started. Version: 1.4.2 Revision: 04f9b835bcb908f9bb8d4743e64903e077f5b1ad PID: 3585 Home: /opt/jfrog/artifactory
2020-11-27T11:13:38.754Z [jfrou] [INFO ] [b8981051624b6c9 ] [bootstrap.go:74               ] [main                ] - JFrog Router IP: 192.168.128.4
2020-11-27T11:13:38.792Z [jfrou] [INFO ] [b8981051624b6c9 ] [bootstrap.go:175              ] [main                ] - System configuration encryption report:
shared.newrelic.licenseKey: does not exist in the config file
shared.security.joinKeyFile: file '/opt/jfrog/artifactory/var/etc/security/join.key' - encrypted successfully
2020-11-27T11:13:38.795Z [jfrou] [INFO ] [b8981051624b6c9 ] [bootstrap.go:79               ] [main                ] - JFrog Router Service ID: jfrou@01eq3y5pn2jzt47gncgnqyypwv
2020-11-27T11:13:38.795Z [jfrou] [INFO ] [b8981051624b6c9 ] [bootstrap.go:80               ] [main                ] - JFrog Router Node ID: 2d69a69a5258
2020-11-27T11:13:38.914Z [jfrou] [INFO ] [b8981051624b6c9 ] [http_client_holder.go:155     ] [main                ] - System cert pool contents were loaded as trusted CAs for TLS communication
2020-11-27T11:13:38.958Z [jfrou] [INFO ] [b8981051624b6c9 ] [http_client_holder.go:175     ] [main                ] - Following certificates were successfully loaded as trusted CAs for TLS communication:
[/opt/jfrog/artifactory/var/data/router/keys/trusted/access-root-ca.crt]
2020-11-27T11:13:40.705Z [jfrou] [INFO ] [b8981051624b6c9 ] [config_holder.go:107          ] [main                ] - Configuration update detected
2020-11-27T11:13:43.435Z [jfrou] [INFO ] [b8981051624b6c9 ] [join_executor.go:154          ] [main                ] - Cluster join: Retry 5: Service registry ping failed, will retry. Error: Get "http://localhost:8040/access/api/v1/system/ping": dial tcp 127.0.0.1:8040: connect: connection refused
2020-11-27T11:14:43.637Z [jfrou] [INFO ] [b8981051624b6c9 ] [join_executor.go:188          ] [main                ] - Cluster join: Successfully joined the cluster
2020-11-27T11:14:43.639Z [jfrou] [INFO ] [b8981051624b6c9 ] [http_client_holder.go:155     ] [main                ] - System cert pool contents were loaded as trusted CAs for TLS communication
2020-11-27T11:14:43.639Z [jfrou] [INFO ] [b8981051624b6c9 ] [http_client_holder.go:175     ] [main                ] - Following certificates were successfully loaded as trusted CAs for TLS communication:
[/opt/jfrog/artifactory/var/data/router/keys/trusted/access-root-ca.crt]
2020-11-27T11:14:43.719Z [jfrou] [INFO ] [b8981051624b6c9 ] [main.go:47                    ] [main                ] - Router (jfrou) service initialization completed in 65.057 seconds. Listening on port: 8082
2020-11-27T11:15:18.750Z [jfrou] [INFO ] [705c4026b5acb025] [local_topology.go:213         ] [main                ] - 
################################################################
###   All services started successfully in 100.088 seconds   ###
################################################################
2020-11-27T19:10:56.429Z [jfrou] [INFO ] [19ef5eb498b71f76] [bootstrap.go:71               ] [main                ] - Router (jfrou) service initialization started. Version: 1.4.2 Revision: 04f9b835bcb908f9bb8d4743e64903e077f5b1ad PID: 3583 Home: /opt/jfrog/artifactory
2020-11-27T19:10:56.480Z [jfrou] [INFO ] [19ef5eb498b71f76] [bootstrap.go:74               ] [main                ] - JFrog Router IP: 192.168.128.4
2020-11-27T19:10:56.486Z [jfrou] [INFO ] [19ef5eb498b71f76] [bootstrap.go:175              ] [main                ] - System configuration encryption report:
shared.newrelic.licenseKey: does not exist in the config file
shared.security.joinKeyFile: file '/opt/jfrog/artifactory/var/etc/security/join.key' - encrypted successfully
2020-11-27T19:10:56.488Z [jfrou] [INFO ] [19ef5eb498b71f76] [bootstrap.go:79               ] [main                ] - JFrog Router Service ID: jfrou@01eq3y5pn2jzt47gncgnqyypwv
2020-11-27T19:10:56.489Z [jfrou] [INFO ] [19ef5eb498b71f76] [bootstrap.go:80               ] [main                ] - JFrog Router Node ID: 2d69a69a5258
2020-11-27T19:10:56.612Z [jfrou] [INFO ] [19ef5eb498b71f76] [http_client_holder.go:155     ] [main                ] - System cert pool contents were loaded as trusted CAs for TLS communication
2020-11-27T19:10:57.075Z [jfrou] [INFO ] [19ef5eb498b71f76] [http_client_holder.go:175     ] [main                ] - Following certificates were successfully loaded as trusted CAs for TLS communication:
[/opt/jfrog/artifactory/var/data/router/keys/trusted/access-root-ca.crt]
2020-11-27T19:10:58.386Z [jfrou] [INFO ] [19ef5eb498b71f76] [config_holder.go:107          ] [main                ] - Configuration update detected
2020-11-27T19:11:17.114Z [jfrou] [INFO ] [19ef5eb498b71f76] [join_executor.go:154          ] [main                ] - Cluster join: Retry 5: Service registry ping failed, will retry. Error: Get "http://localhost:8040/access/api/v1/system/ping": net/http: request canceled (Client.Timeout exceeded while awaiting headers)
2020-11-27T19:11:40.002Z [jfrou] [INFO ] [19ef5eb498b71f76] [join_executor.go:188          ] [main                ] - Cluster join: Successfully joined the cluster
2020-11-27T19:11:40.003Z [jfrou] [INFO ] [19ef5eb498b71f76] [http_client_holder.go:155     ] [main                ] - System cert pool contents were loaded as trusted CAs for TLS communication
2020-11-27T19:11:40.003Z [jfrou] [INFO ] [19ef5eb498b71f76] [http_client_holder.go:175     ] [main                ] - Following certificates were successfully loaded as trusted CAs for TLS communication:
[/opt/jfrog/artifactory/var/data/router/keys/trusted/access-root-ca.crt]
2020-11-27T19:11:40.022Z [jfrou] [INFO ] [19ef5eb498b71f76] [registry_handler.go:89        ] [main                ] - The following services were registered automatically based on persisted data: jfac@01eq3y5hnxqgg31h9akh941psg, jfevt@01eq3y5hnxqgg31h9akh941psg, jffe@000, jfmd@01eq3y5qexw7pcpmwpjtdczkzq, jfrt@01eq3y695wyeyk113jwgpm0jmv
2020-11-27T19:11:40.069Z [jfrou] [INFO ] [19ef5eb498b71f76] [main.go:47                    ] [main                ] - Router (jfrou) service initialization completed in 43.709 seconds. Listening on port: 8082
2020-11-27T19:12:10.104Z [jfrou] [INFO ] [27f59d141d5b9863] [local_topology.go:213         ] [main                ] - 
###############################################################
###   All services started successfully in 73.744 seconds   ###
###############################################################
2020-12-01T00:36:06.790Z [jfrou] [INFO ] [3166e4e43e200352] [bootstrap.go:71               ] [main                ] - Router (jfrou) service initialization started. Version: 1.4.2 Revision: 04f9b835bcb908f9bb8d4743e64903e077f5b1ad PID: 3602 Home: /opt/jfrog/artifactory
2020-12-01T00:36:06.791Z [jfrou] [INFO ] [3166e4e43e200352] [bootstrap.go:74               ] [main                ] - JFrog Router IP: 172.19.0.4
2020-12-01T00:36:06.799Z [jfrou] [INFO ] [3166e4e43e200352] [bootstrap.go:175              ] [main                ] - System configuration encryption report:
shared.newrelic.licenseKey: does not exist in the config file
shared.security.joinKeyFile: file '/opt/jfrog/artifactory/var/etc/security/join.key' - encrypted successfully
2020-12-01T00:36:06.799Z [jfrou] [INFO ] [3166e4e43e200352] [bootstrap.go:79               ] [main                ] - JFrog Router Service ID: jfrou@01eq3y5pn2jzt47gncgnqyypwv
2020-12-01T00:36:06.800Z [jfrou] [INFO ] [3166e4e43e200352] [bootstrap.go:80               ] [main                ] - JFrog Router Node ID: 24592ed5cdad
2020-12-01T00:36:06.891Z [jfrou] [INFO ] [3166e4e43e200352] [http_client_holder.go:155     ] [main                ] - System cert pool contents were loaded as trusted CAs for TLS communication
2020-12-01T00:36:06.891Z [jfrou] [INFO ] [3166e4e43e200352] [http_client_holder.go:175     ] [main                ] - Following certificates were successfully loaded as trusted CAs for TLS communication:
[/opt/jfrog/artifactory/var/data/router/keys/trusted/access-root-ca.crt]
2020-12-01T00:36:08.789Z [jfrou] [INFO ] [3166e4e43e200352] [config_holder.go:107          ] [main                ] - Configuration update detected
2020-12-01T00:36:41.278Z [jfrou] [INFO ] [3166e4e43e200352] [join_executor.go:154          ] [main                ] - Cluster join: Retry 5: Service registry ping failed, will retry. Error: Get "http://localhost:8040/access/api/v1/system/ping": net/http: request canceled (Client.Timeout exceeded while awaiting headers)
2020-12-01T00:36:59.091Z [jfrou] [INFO ] [3166e4e43e200352] [join_executor.go:188          ] [main                ] - Cluster join: Successfully joined the cluster
2020-12-01T00:36:59.092Z [jfrou] [INFO ] [3166e4e43e200352] [http_client_holder.go:155     ] [main                ] - System cert pool contents were loaded as trusted CAs for TLS communication
2020-12-01T00:36:59.092Z [jfrou] [INFO ] [3166e4e43e200352] [http_client_holder.go:175     ] [main                ] - Following certificates were successfully loaded as trusted CAs for TLS communication:
[/opt/jfrog/artifactory/var/data/router/keys/trusted/access-root-ca.crt]
2020-12-01T00:36:59.165Z [jfrou] [INFO ] [3166e4e43e200352] [main.go:47                    ] [main                ] - Router (jfrou) service initialization completed in 52.595 seconds. Listening on port: 8082
2020-12-01T00:37:34.199Z [jfrou] [INFO ] [590f8c86599e35f8] [local_topology.go:213         ] [main                ] - 
###############################################################
###   All services started successfully in 87.629 seconds   ###
###############################################################
2020-12-01T00:45:22.068Z [jfrou] [ERROR] [1426c9eb33b40247] [external_topology.go:82       ] [main                ] - Failed fetching external topology from Access: Get "http://localhost:8040/access/api/v1/topology": read tcp 127.0.0.1:33988->127.0.0.1:8040: read: connection reset by peer
2020-12-01T00:45:23.461Z [jfrou] [ERROR] [7b102f162cd938d3] [external_topology.go:82       ] [main                ] - Failed fetching external topology from Access: Get "http://localhost:8040/access/api/v1/topology": dial tcp 127.0.0.1:8040: connect: connection refused
2020-12-01T00:45:26.462Z [jfrou] [ERROR] [39c0b52646986c93] [external_topology.go:82       ] [main                ] - Failed fetching external topology from Access: Get "http://localhost:8040/access/api/v1/topology": dial tcp 127.0.0.1:8040: connect: connection refused
2020-12-01T00:49:25.212Z [jfrou] [INFO ] [7ba147ab18208538] [bootstrap.go:71               ] [main                ] - Router (jfrou) service initialization started. Version: 1.4.2 Revision: 04f9b835bcb908f9bb8d4743e64903e077f5b1ad PID: 3609 Home: /opt/jfrog/artifactory
2020-12-01T00:49:25.214Z [jfrou] [INFO ] [7ba147ab18208538] [bootstrap.go:74               ] [main                ] - JFrog Router IP: 172.21.0.3
2020-12-01T00:49:25.240Z [jfrou] [INFO ] [7ba147ab18208538] [bootstrap.go:175              ] [main                ] - System configuration encryption report:
shared.newrelic.licenseKey: does not exist in the config file
shared.security.joinKeyFile: file '/opt/jfrog/artifactory/var/etc/security/join.key' - encrypted successfully
2020-12-01T00:49:25.243Z [jfrou] [INFO ] [7ba147ab18208538] [bootstrap.go:79               ] [main                ] - JFrog Router Service ID: jfrou@01eq3y5pn2jzt47gncgnqyypwv
2020-12-01T00:49:25.243Z [jfrou] [INFO ] [7ba147ab18208538] [bootstrap.go:80               ] [main                ] - JFrog Router Node ID: 961ed6dd0d5c
2020-12-01T00:49:25.595Z [jfrou] [INFO ] [7ba147ab18208538] [http_client_holder.go:155     ] [main                ] - System cert pool contents were loaded as trusted CAs for TLS communication
2020-12-01T00:49:25.596Z [jfrou] [INFO ] [7ba147ab18208538] [http_client_holder.go:175     ] [main                ] - Following certificates were successfully loaded as trusted CAs for TLS communication:
[/opt/jfrog/artifactory/var/data/router/keys/trusted/access-root-ca.crt]
2020-12-01T00:49:27.221Z [jfrou] [INFO ] [7ba147ab18208538] [config_holder.go:107          ] [main                ] - Configuration update detected
2020-12-01T00:49:45.422Z [jfrou] [INFO ] [7ba147ab18208538] [join_executor.go:154          ] [main                ] - Cluster join: Retry 5: Service registry ping failed, will retry. Error: Get "http://localhost:8040/access/api/v1/system/ping": net/http: request canceled (Client.Timeout exceeded while awaiting headers)
2020-12-01T00:50:15.248Z [jfrou] [INFO ] [7ba147ab18208538] [join_executor.go:188          ] [main                ] - Cluster join: Successfully joined the cluster
2020-12-01T00:50:15.250Z [jfrou] [INFO ] [7ba147ab18208538] [http_client_holder.go:155     ] [main                ] - System cert pool contents were loaded as trusted CAs for TLS communication
2020-12-01T00:50:15.250Z [jfrou] [INFO ] [7ba147ab18208538] [http_client_holder.go:175     ] [main                ] - Following certificates were successfully loaded as trusted CAs for TLS communication:
[/opt/jfrog/artifactory/var/data/router/keys/trusted/access-root-ca.crt]
2020-12-01T00:50:15.265Z [jfrou] [INFO ] [7ba147ab18208538] [main.go:47                    ] [main                ] - Router (jfrou) service initialization completed in 50.165 seconds. Listening on port: 8082
2020-12-01T00:50:40.342Z [jfrou] [INFO ] [1ddf42841d399164] [local_topology.go:213         ] [main                ] - 
###############################################################
###   All services started successfully in 75.242 seconds   ###
###############################################################
2020-12-01T01:16:16.452Z [jfrou] [ERROR] [3838684957167264] [routing_handler.go:231        ] [main                ] - Failed reading current external routes from file: /opt/jfrog/artifactory/var/data/router/traefik/routes/external/external-routes.toml error: open /opt/jfrog/artifactory/var/data/router/traefik/routes/external/external-routes.toml: permission denied
2020-12-01T01:16:16.508Z [jfrou] [ERROR] [3838684957167264] [external_topology.go:96       ] [main                ] - Failed updating external topology routing rules: failed performing atomic write to file: '/opt/jfrog/artifactory/var/data/router/traefik/routes/external/external-routes.toml'; failed renaming file '/tmp/router457882555' to '/opt/jfrog/artifactory/var/data/router/traefik/routes/external/external-routes.toml'. error: open /opt/jfrog/artifactory/var/data/router/traefik/routes/external/external-routes.toml: permission denied
2020-12-01T01:16:21.132Z [jfrou] [ERROR] [7c8b56487cd7042c] [local_topology.go:216         ] [main                ] - Failed creating unhealthy node routing rule, incoming requests will be routed to local services
2020-12-01T01:16:26.249Z [jfrou] [ERROR] [380ddfddb8755e2d] [local_topology.go:216         ] [main                ] - Failed creating unhealthy node routing rule, incoming requests will be routed to local services
